kotlin version: 2.0.0
error message: java.lang.IllegalStateException: Cannot evaluate IR expression in annotation:
 STRING_CONCATENATION type=kotlin.String
  CONST String type=kotlin.String value="everything?q=bitcoin&from=2020-08-01&sortBy=publishedAt&apiKey={"
  GET_FIELD 'FIELD IR_EXTERNAL_JAVA_DECLARATION_STUB name:API_KEY type:kotlin.String visibility:public [final,static]' type=kotlin.String origin=null
  CONST String type=kotlin.String value="}"

	at org.jetbrains.kotlin.ir.interpreter.transformer.IrConstAnnotationTransformer.transformSingleArg(IrConstAnnotationTransformer.kt:79)
	at org.jetbrains.kotlin.ir.interpreter.transformer.IrConstAnnotationTransformer.transformAnnotationArgument(IrConstAnnotationTransformer.kt:54)
	at org.jetbrains.kotlin.ir.interpreter.transformer.IrConstAnnotationTransformer.transformAnnotation(IrConstAnnotationTransformer.kt:47)
	at org.jetbrains.kotlin.ir.interpreter.transformer.IrConstAnnotationTransformer.transformAnnotations(IrConstAnnotationTransformer.kt:40)
	at org.jetbrains.kotlin.ir.interpreter.transformer.IrConstDeclarationAnnotationTransformer.visitDeclaration(IrConstDeclarationAnnotationTransformer.kt:38)
	at org.jetbrains.kotlin.ir.interpreter.transformer.IrConstDeclarationAnnotationTransformer.visitDeclaration(IrConstDeclarationAnnotationTransformer.kt:19)
	at org.jetbrains.kotlin.ir.visitors.IrElementTransformer$DefaultImpls.visitFunction(IrElementTransformer.kt:44)
	at org.jetbrains.kotlin.ir.interpreter.transformer.IrConstTransformer.visitFunction(IrConstTransformer.kt:90)
	at org.jetbrains.kotlin.ir.interpreter.transformer.IrConstTransformer.visitFunction(IrConstTransformer.kt:90)
	at org.jetbrains.kotlin.ir.visitors.IrElementTransformer$DefaultImpls.visitSimpleFunction(IrElementTransformer.kt:73)
	at org.jetbrains.kotlin.ir.interpreter.transformer.IrConstTransformer.visitSimpleFunction(IrConstTransformer.kt:90)
	at org.jetbrains.kotlin.ir.interpreter.transformer.IrConstTransformer.visitSimpleFunction(IrConstTransformer.kt:90)
	at org.jetbrains.kotlin.ir.declarations.IrSimpleFunction.accept(IrSimpleFunction.kt:36)
	at org.jetbrains.kotlin.ir.IrElementBase.transform(IrElementBase.kt:24)
	at org.jetbrains.kotlin.ir.util.TransformKt.transformInPlace(transform.kt:35)
	at org.jetbrains.kotlin.ir.declarations.IrClass.transformChildren(IrClass.kt:82)
	at org.jetbrains.kotlin.ir.visitors.IrElementTransformer$DefaultImpls.visitDeclaration(IrElementTransformer.kt:27)
	at org.jetbrains.kotlin.ir.interpreter.transformer.IrConstTransformer.visitDeclaration(IrConstTransformer.kt:90)
	at org.jetbrains.kotlin.ir.interpreter.transformer.IrConstDeclarationAnnotationTransformer.visitDeclaration(IrConstDeclarationAnnotationTransformer.kt:39)
	at org.jetbrains.kotlin.ir.interpreter.transformer.IrConstDeclarationAnnotationTransformer.visitDeclaration(IrConstDeclarationAnnotationTransformer.kt:19)
	at org.jetbrains.kotlin.ir.visitors.IrElementTransformer$DefaultImpls.visitClass(IrElementTransformer.kt:35)
	at org.jetbrains.kotlin.ir.interpreter.transformer.IrConstTransformer.visitClass(IrConstTransformer.kt:90)
	at org.jetbrains.kotlin.ir.interpreter.transformer.IrConstTransformer.visitClass(IrConstTransformer.kt:90)
	at org.jetbrains.kotlin.ir.declarations.IrClass.accept(IrClass.kt:72)
	at org.jetbrains.kotlin.ir.IrElementBase.transform(IrElementBase.kt:24)
	at org.jetbrains.kotlin.ir.util.TransformKt.transformInPlace(transform.kt:35)
	at org.jetbrains.kotlin.ir.declarations.IrFile.transformChildren(IrFile.kt:38)
	at org.jetbrains.kotlin.ir.visitors.IrElementTransformer$DefaultImpls.visitFile(IrElementTransformer.kt:90)
	at org.jetbrains.kotlin.ir.interpreter.transformer.IrConstTransformer.visitFile(IrConstTransformer.kt:90)
	at org.jetbrains.kotlin.ir.interpreter.transformer.IrConstDeclarationAnnotationTransformer.visitFile(IrConstDeclarationAnnotationTransformer.kt:34)
	at org.jetbrains.kotlin.ir.interpreter.transformer.IrConstDeclarationAnnotationTransformer.visitFile(IrConstDeclarationAnnotationTransformer.kt:19)
	at org.jetbrains.kotlin.ir.declarations.IrFile.accept(IrFile.kt:28)
	at org.jetbrains.kotlin.ir.declarations.IrFile.transform(IrFile.kt:31)
	at org.jetbrains.kotlin.ir.declarations.IrFile.transform(IrFile.kt:20)
	at org.jetbrains.kotlin.ir.interpreter.transformer.IrConstTransformerKt.transformConst(IrConstTransformer.kt:57)
	at org.jetbrains.kotlin.ir.interpreter.transformer.IrConstTransformerKt.transformConst$default(IrConstTransformer.kt:33)
	at org.jetbrains.kotlin.fir.backend.Fir2IrConverter$Companion.evaluateConstants(Fir2IrConverter.kt:653)
	at org.jetbrains.kotlin.fir.pipeline.ConvertToIrKt.convertToIrAndActualize(convertToIr.kt:134)
	at org.jetbrains.kotlin.fir.pipeline.ConvertToIrKt.convertToIrAndActualize$default(convertToIr.kt:65)
	at org.jetbrains.kotlin.cli.jvm.compiler.pipeline.JvmCompilerPipelineKt.convertToIrAndActualizeForJvm(jvmCompilerPipeline.kt:193)
	at org.jetbrains.kotlin.cli.jvm.compiler.pipeline.JvmCompilerPipelineKt.convertAnalyzedFirToIr(jvmCompilerPipeline.kt:167)
	at org.jetbrains.kotlin.cli.jvm.compiler.pipeline.JvmCompilerPipelineKt.compileModulesUsingFrontendIrAndLightTree(jvmCompilerPipeline.kt:138)
	at org.jetbrains.kotlin.cli.jvm.K2JVMCompiler.doExecute(K2JVMCompiler.kt:155)
	at org.jetbrains.kotlin.cli.jvm.K2JVMCompiler.doExecute(K2JVMCompiler.kt:50)
	at org.jetbrains.kotlin.cli.common.CLICompiler.execImpl(CLICompiler.kt:104)
	at org.jetbrains.kotlin.cli.common.CLICompiler.execImpl(CLICompiler.kt:48)
	at org.jetbrains.kotlin.cli.common.CLITool.exec(CLITool.kt:101)
	at org.jetbrains.kotlin.incremental.IncrementalJvmCompilerRunner.runCompiler(IncrementalJvmCompilerRunner.kt:453)
	at org.jetbrains.kotlin.incremental.IncrementalJvmCompilerRunner.runCompiler(IncrementalJvmCompilerRunner.kt:62)
	at org.jetbrains.kotlin.incremental.IncrementalCompilerRunner.doCompile(IncrementalCompilerRunner.kt:506)
	at org.jetbrains.kotlin.incremental.IncrementalCompilerRunner.compileImpl(IncrementalCompilerRunner.kt:423)
	at org.jetbrains.kotlin.incremental.IncrementalCompilerRunner.compileNonIncrementally(IncrementalCompilerRunner.kt:301)
	at org.jetbrains.kotlin.incremental.IncrementalCompilerRunner.compile(IncrementalCompilerRunner.kt:129)
	at org.jetbrains.kotlin.daemon.CompileServiceImplBase.execIncrementalCompiler(CompileServiceImpl.kt:676)
	at org.jetbrains.kotlin.daemon.CompileServiceImplBase.access$execIncrementalCompiler(CompileServiceImpl.kt:92)
	at org.jetbrains.kotlin.daemon.CompileServiceImpl.compile(CompileServiceImpl.kt:1661)
	at java.base/jdk.internal.reflect.DirectMethodHandleAccessor.invoke(Unknown Source)
	at java.base/java.lang.reflect.Method.invoke(Unknown Source)
	at java.rmi/sun.rmi.server.UnicastServerRef.dispatch(Unknown Source)
	at java.rmi/sun.rmi.transport.Transport$1.run(Unknown Source)
	at java.rmi/sun.rmi.transport.Transport$1.run(Unknown Source)
	at java.base/java.security.AccessController.doPrivileged(Unknown Source)
	at java.rmi/sun.rmi.transport.Transport.serviceCall(Unknown Source)
	at java.rmi/sun.rmi.transport.tcp.TCPTransport.handleMessages(Unknown Source)
	at java.rmi/sun.rmi.transport.tcp.TCPTransport$ConnectionHandler.run0(Unknown Source)
	at java.rmi/sun.rmi.transport.tcp.TCPTransport$ConnectionHandler.lambda$run$0(Unknown Source)
	at java.base/java.security.AccessController.doPrivileged(Unknown Source)
	at java.rmi/sun.rmi.transport.tcp.TCPTransport$ConnectionHandler.run(Unknown Source)
	at java.base/java.util.concurrent.ThreadPoolExecutor.runWorker(Unknown Source)
	at java.base/java.util.concurrent.ThreadPoolExecutor$Worker.run(Unknown Source)
	at java.base/java.lang.Thread.run(Unknown Source)


